CTPCounter::HandleConnected
CTPCounter::HandleUserLoginResponse
CTPCounter::HandleSettlementInfoConfirmResponse
CTPCounter::HandleConnected
CTPCounter::HandleUserLoginResponse
CTPCounter::HandleSettlementInfoConfirmResponse
CTPCounter::HandleReturnOrder
CTPCounter::HandleReturnOrder
CTPCounter::HandleReturnOrder
CTPCounter::HandleReturnOrder
CTPCounter::HandleReturnOrder
CTPCounter::HandleReturnTrade
Error occurs : can't Find Entrust
CTPCounter::HandleReturnOrder
CTPCounter::HandleReturnTrade
Error occurs : can't Find Entrust
CTPCounter::HandleReturnOrder
CTPCounter::HandleReturnOrder
CTPCounter::HandleReturnTrade
Error occurs : can't Find Entrust
CTPCounter::HandleReturnOrder
CTPCounter::HandleReturnOrder
CTPCounter::HandleReturnTrade
Error occurs : can't Find Entrust
CTPCounter::HandleReturnOrder
CTPCounter::HandleReturnOrder
CTPCounter::HandleReturnTrade
Error occurs : can't Find Entrust
CTPCounter::HandleReturnOrder
CTPCounter::HandleReturnOrder
CTPCounter::HandleReturnTrade
Error occurs : can't Find Entrust
CTPCounter::HandleReturnOrder
CTPCounter::HandleReturnOrder
CTPCounter::HandleReturnTrade
Error occurs : can't Find Entrust
CTPCounter::HandleReturnOrder
CTPCounter::HandleReturnOrder
CTPCounter::HandleReturnOrder
CTPCounter::HandleReturnOrder
CTPCounter::HandleReturnOrder
CTPCounter::HandleReturnOrder
CTPCounter::HandleReturnOrder
CTPCounter::HandleReturnOrder
CTPCounter::HandleReturnTrade
Error occurs : can't Find Entrust
CTPCounter::HandleReturnOrder
CTPCounter::HandleReturnOrder
CTPCounter::HandleReturnOrder
CTPCounter::HandleReturnOrder
CTPCounter::HandleReturnOrder
CTPCounter::HandleReturnOrder
CTPCounter::HandleReturnTrade
Error occurs : can't Find Entrust
CTPCounter::HandleReturnOrder
CTPCounter::HandleReturnOrder
CTPCounter::HandleReturnTrade
Error occurs : can't Find Entrust
CTPCounter::HandleReturnOrder
CTPCounter::HandleReturnOrder
CTPCounter::HandleReturnOrder
CTPCounter::HandleReturnOrder
CTPCounter::HandleReturnTrade
Error occurs : can't Find Entrust
CTPCounter::HandleReturnOrder
CTPCounter::HandleReturnOrder
CTPCounter::HandleReturnOrder
CTPCounter::HandleReturnOrder
CTPCounter::HandleReturnOrder
CTPCounter::HandleReturnOrder
CTPCounter::HandleReturnTrade
Error occurs : can't Find Entrust
CTPCounter::HandleReturnOrder
CTPCounter::HandleReturnOrder
CTPCounter::HandleReturnTrade
Error occurs : can't Find Entrust
CTPCounter::HandleReturnOrder
CTPCounter::HandleReturnOrder
CTPCounter::HandleReturnOrder
CTPCounter::HandleReturnOrder
CTPCounter::HandleReturnTrade
Error occurs : can't Find Entrust
CTPCounter::HandleReturnOrder
CTPCounter::HandleReturnOrder
CTPCounter::HandleReturnOrder
CTPCounter::HandleReturnOrder
CTPCounter::HandleReturnTrade
Error occurs : can't Find Entrust
CTPCounter::HandleReturnOrder
报单已提交
CTPCounter::HandleReturnOrder
报单已提交
CTPCounter::HandleReturnOrder
CTPCounter::HandleReturnTrade
CTPCounter::HandleReturnOrder
CTPCounter::HandleReturnTrade
CTPCounter::HandleReturnOrder
CTPCounter::HandleReturnTrade
CTPCounter::HandleReturnOrder
CTPCounter::HandleReturnTrade
CTPCounter::HandleReturnOrder
CTPCounter::HandleReturnTrade
CTPCounter::HandleReturnOrder
报单已提交
CTPCounter::HandleReturnOrder
报单已提交
CTPCounter::HandleReturnOrder
CTPCounter::HandleReturnTrade
CTPCounter::HandleReturnOrder
CTPCounter::HandleReturnTrade
CTPCounter::HandleReturnOrder
CTPCounter::HandleReturnTrade
CTPCounter::HandleReturnOrder
CTPCounter::HandleReturnTrade
CTPCounter::HandleReturnOrder
CTPCounter::HandleReturnTrade
CTPCounter::HandleReturnOrder
CTPCounter::HandleReturnOrder
CTPCounter::HandleReturnTrade
CTPCounter::HandleReturnOrder
CTPCounter::HandleReturnOrder
CTPCounter::HandleReturnOrder
CTPCounter::HandleReturnOrder
CTPCounter::HandleReturnOrder
CTPCounter::HandleReturnOrder
CTPCounter::HandleReturnOrder
CTPCounter::HandleReturnOrder
CTPCounter::HandleReturnOrder
CTPCounter::HandleReturnOrder
CTPCounter::HandleReturnOrder
CTPCounter::HandleReturnOrder
CTPCounter::HandleReturnOrder
CTPCounter::HandleReturnOrder
CTPCounter::HandleReturnTrade
Error occurs : can't Find Entrust
CTPCounter::HandleReturnOrder
CTPCounter::HandleReturnOrder
CTPCounter::HandleReturnOrder
CTPCounter::HandleReturnOrder
CTPCounter::HandleReturnOrder
CTPCounter::HandleReturnOrder
CTPCounter::HandleReturnOrder
CTPCounter::HandleReturnOrder
CTPCounter::HandleReturnOrder
CTPCounter::HandleReturnOrder
CTPCounter::HandleReturnOrder
CTPCounter::HandleReturnTrade
Error occurs : can't Find Entrust
CTPCounter::HandleReturnOrder
CTPCounter::HandleReturnTrade
Error occurs : can't Find Entrust
CTPCounter::HandleReturnOrder
CTPCounter::HandleReturnOrder
CTPCounter::HandleReturnTrade
Error occurs : can't Find Entrust
CTPCounter::HandleReturnOrder
CTPCounter::HandleReturnOrder
CTPCounter::HandleReturnTrade
Error occurs : can't Find Entrust
CTPCounter::HandleReturnOrder
CTPCounter::HandleReturnOrder
CTPCounter::HandleReturnTrade
Error occurs : can't Find Entrust
CTPCounter::HandleReturnOrder
CTPCounter::HandleReturnOrder
CTPCounter::HandleReturnTrade
Error occurs : can't Find Entrust
CTPCounter::HandleReturnOrder
CTPCounter::HandleReturnOrder
CTPCounter::HandleReturnTrade
Error occurs : can't Find Entrust
CTPCounter::HandleReturnOrder
CTPCounter::HandleReturnOrder
CTPCounter::HandleReturnTrade
Error occurs : can't Find Entrust
CTPCounter::HandleReturnOrder
CTPCounter::HandleReturnOrder
CTPCounter::HandleReturnTrade
Error occurs : can't Find Entrust
CTPCounter::HandleReturnOrder
CTPCounter::HandleReturnOrder
CTPCounter::HandleReturnOrder
CTPCounter::HandleReturnOrder
CTPCounter::HandleReturnOrder
CTPCounter::HandleReturnOrder
CTPCounter::HandleReturnOrder
CTPCounter::HandleReturnOrder
CTPCounter::HandleReturnOrder
CTPCounter::HandleReturnOrder
CTPCounter::HandleDisconnected Reason : 4097
